<?xml version="1.0" encoding="UTF-8"?>
<?totaltestVersion 20.1.1.v20191212-1740_83?>
<!--Topaz for Total Test 20.1.1.v20191212-1740_83 2020/03/12 10:33:01-->
<testsuites>
  <testsuite errors="0" failures="0" name="CWXTCOB_Test.CWXTSUBC_Scenario.00001: CWXTSUBCCase1" tests="4">
    <testcase classname="CWXTCOB_Test.CWXTSUBC_Scenario.00001: CWXTSUBCCase1" name="00001: Check for RETURN_CODE"/>
    <testcase classname="CWXTCOB_Test.CWXTSUBC_Scenario.00001: CWXTSUBCCase1" name="00002: Check for EMP_TYPE"/>
    <testcase classname="CWXTCOB_Test.CWXTSUBC_Scenario.00001: CWXTSUBCCase1" name="00003: Check for SALES_AMOUNT"/>
    <testcase classname="CWXTCOB_Test.CWXTSUBC_Scenario.00001: CWXTSUBCCase1" name="00004: Check for COMM_TOTAL"/>
  </testsuite>
  <testsuite errors="0" failures="0" name="CWXTCOB_Test.CWXTSUBC_Scenario.00002: CWXTSUBCCase2" tests="4">
    <testcase classname="CWXTCOB_Test.CWXTSUBC_Scenario.00002: CWXTSUBCCase2" name="00001: Check for RETURN_CODE"/>
    <testcase classname="CWXTCOB_Test.CWXTSUBC_Scenario.00002: CWXTSUBCCase2" name="00002: Check for EMP_TYPE"/>
    <testcase classname="CWXTCOB_Test.CWXTSUBC_Scenario.00002: CWXTSUBCCase2" name="00003: Check for SALES_AMOUNT"/>
    <testcase classname="CWXTCOB_Test.CWXTSUBC_Scenario.00002: CWXTSUBCCase2" name="00004: Check for COMM_TOTAL"/>
  </testsuite>
  <testsuite errors="0" failures="0" name="CWXTCOB_Test.CWXTSUBC_Scenario.00003: CWXTSUBCCase3" tests="4">
    <testcase classname="CWXTCOB_Test.CWXTSUBC_Scenario.00003: CWXTSUBCCase3" name="00001: Check for RETURN_CODE"/>
    <testcase classname="CWXTCOB_Test.CWXTSUBC_Scenario.00003: CWXTSUBCCase3" name="00002: Check for EMP_TYPE"/>
    <testcase classname="CWXTCOB_Test.CWXTSUBC_Scenario.00003: CWXTSUBCCase3" name="00003: Check for SALES_AMOUNT"/>
    <testcase classname="CWXTCOB_Test.CWXTSUBC_Scenario.00003: CWXTSUBCCase3" name="00004: Check for COMM_TOTAL"/>
  </testsuite>
</testsuites>