<?xml version="1.0" encoding="UTF-8"?>
<?totaltestVersion 20.1.1.v20191212-1740_83?>
<!--Topaz for Total Test 20.1.1.v20191212-1740_83 2020/03/12 10:33:01-->
<testsuites>
  <testsuite errors="0" failures="1" name="CWXTCOB_Test.CWXTCOB_Scenario2.00001: CWXTCOBCase1" tests="3">
    <testcase classname="CWXTCOB_Test.CWXTCOB_Scenario2.00001: CWXTCOBCase1" name="00001: Check for RETURN_CODE">
      <failure>Check for RETURN_CODE failed

Actual Value:    7777

Expected Value:  = 0</failure>
    </testcase>
    <testcase classname="CWXTCOB_Test.CWXTCOB_Scenario2.00001: CWXTCOBCase1" name="00002: Check for PARM_LTH"/>
    <testcase classname="CWXTCOB_Test.CWXTCOB_Scenario2.00001: CWXTCOBCase1" name="00003: Check for PARM_DATA"/>
  </testsuite>
  <testsuite errors="1" failures="0" name="CWXTCOB_Test.CWXTCOB_Scenario2.00001: CWXTCOBCase1.CWXTCOB_RPTFILE_FILE_01.00001: CWXTCOB_RPTFILE_FILE_01.RPTFILE assertion" tests="1">
    <testcase classname="CWXTCOB_Test.CWXTCOB_Scenario2.00001: CWXTCOBCase1.CWXTCOB_RPTFILE_FILE_01.00001: CWXTCOB_RPTFILE_FILE_01.RPTFILE assertion" name="00001: Stub record incomplete">
      <error>Stub record has no output or output is empty.</error>
    </testcase>
  </testsuite>
  <testsuite errors="2" failures="0" name="CWXTCOB_Test.CWXTCOB_Scenario2.00001: CWXTCOBCase1.CWXTCOB_RPTFILE_FILE_01.00002: CWXTCOB_RPTFILE_FILE_01.RPTFILE assertion" tests="2">
    <testcase classname="CWXTCOB_Test.CWXTCOB_Scenario2.00001: CWXTCOBCase1.CWXTCOB_RPTFILE_FILE_01.00002: CWXTCOB_RPTFILE_FILE_01.RPTFILE assertion" name="00001: Stub record incomplete">
      <error>Stub record has no output or output is empty.</error>
    </testcase>
  </testsuite>
  <testsuite errors="3" failures="0" name="CWXTCOB_Test.CWXTCOB_Scenario2.00001: CWXTCOBCase1.CWXTCOB_RPTFILE_FILE_01.00003: CWXTCOB_RPTFILE_FILE_01.RPTFILE assertion" tests="3">
    <testcase classname="CWXTCOB_Test.CWXTCOB_Scenario2.00001: CWXTCOBCase1.CWXTCOB_RPTFILE_FILE_01.00003: CWXTCOB_RPTFILE_FILE_01.RPTFILE assertion" name="00001: Stub record incomplete">
      <error>Stub record has no output or output is empty.</error>
    </testcase>
  </testsuite>
  <testsuite errors="4" failures="0" name="CWXTCOB_Test.CWXTCOB_Scenario2.00001: CWXTCOBCase1.CWXTCOB_RPTFILE_FILE_01.00004: CWXTCOB_RPTFILE_FILE_01.RPTFILE assertion" tests="4">
    <testcase classname="CWXTCOB_Test.CWXTCOB_Scenario2.00001: CWXTCOBCase1.CWXTCOB_RPTFILE_FILE_01.00004: CWXTCOB_RPTFILE_FILE_01.RPTFILE assertion" name="00001: Stub record incomplete">
      <error>Stub record has no output or output is empty.</error>
    </testcase>
  </testsuite>
  <testsuite errors="5" failures="0" name="CWXTCOB_Test.CWXTCOB_Scenario2.00001: CWXTCOBCase1.CWXTCOB_RPTFILE_FILE_01.00005: CWXTCOB_RPTFILE_FILE_01.RPTFILE assertion" tests="5">
    <testcase classname="CWXTCOB_Test.CWXTCOB_Scenario2.00001: CWXTCOBCase1.CWXTCOB_RPTFILE_FILE_01.00005: CWXTCOB_RPTFILE_FILE_01.RPTFILE assertion" name="00001: Stub record incomplete">
      <error>Stub record has no output or output is empty.</error>
    </testcase>
  </testsuite>
  <testsuite errors="6" failures="0" name="CWXTCOB_Test.CWXTCOB_Scenario2.00001: CWXTCOBCase1.CWXTCOB_RPTFILE_FILE_01.00006: CWXTCOB_RPTFILE_FILE_01.RPTFILE assertion" tests="6">
    <testcase classname="CWXTCOB_Test.CWXTCOB_Scenario2.00001: CWXTCOBCase1.CWXTCOB_RPTFILE_FILE_01.00006: CWXTCOB_RPTFILE_FILE_01.RPTFILE assertion" name="00001: Stub record incomplete">
      <error>Stub record has no output or output is empty.</error>
    </testcase>
  </testsuite>
  <testsuite errors="7" failures="0" name="CWXTCOB_Test.CWXTCOB_Scenario2.00001: CWXTCOBCase1.CWXTCOB_RPTFILE_FILE_01.00007: CWXTCOB_RPTFILE_FILE_01.RPTFILE assertion" tests="7">
    <testcase classname="CWXTCOB_Test.CWXTCOB_Scenario2.00001: CWXTCOBCase1.CWXTCOB_RPTFILE_FILE_01.00007: CWXTCOB_RPTFILE_FILE_01.RPTFILE assertion" name="00001: Stub record incomplete">
      <error>Stub record has no output or output is empty.</error>
    </testcase>
  </testsuite>
  <testsuite errors="8" failures="0" name="CWXTCOB_Test.CWXTCOB_Scenario2.00001: CWXTCOBCase1.CWXTCOB_RPTFILE_FILE_01.00008: CWXTCOB_RPTFILE_FILE_01.RPTFILE assertion" tests="8">
    <testcase classname="CWXTCOB_Test.CWXTCOB_Scenario2.00001: CWXTCOBCase1.CWXTCOB_RPTFILE_FILE_01.00008: CWXTCOB_RPTFILE_FILE_01.RPTFILE assertion" name="00001: Stub record incomplete">
      <error>Stub record has no output or output is empty.</error>
    </testcase>
  </testsuite>
  <testsuite errors="9" failures="0" name="CWXTCOB_Test.CWXTCOB_Scenario2.00001: CWXTCOBCase1.CWXTCOB_RPTFILE_FILE_01.00009: CWXTCOB_RPTFILE_FILE_01.RPTFILE assertion" tests="9">
    <testcase classname="CWXTCOB_Test.CWXTCOB_Scenario2.00001: CWXTCOBCase1.CWXTCOB_RPTFILE_FILE_01.00009: CWXTCOB_RPTFILE_FILE_01.RPTFILE assertion" name="00001: Stub record incomplete">
      <error>Stub record has no output or output is empty.</error>
    </testcase>
  </testsuite>
  <testsuite errors="10" failures="0" name="CWXTCOB_Test.CWXTCOB_Scenario2.00001: CWXTCOBCase1.CWXTCOB_RPTFILE_FILE_01.00010: CWXTCOB_RPTFILE_FILE_01.RPTFILE assertion" tests="10">
    <testcase classname="CWXTCOB_Test.CWXTCOB_Scenario2.00001: CWXTCOBCase1.CWXTCOB_RPTFILE_FILE_01.00010: CWXTCOB_RPTFILE_FILE_01.RPTFILE assertion" name="00001: Stub record incomplete">
      <error>Stub record has no output or output is empty.</error>
    </testcase>
  </testsuite>
  <testsuite errors="11" failures="0" name="CWXTCOB_Test.CWXTCOB_Scenario2.00001: CWXTCOBCase1.CWXTCOB_RPTFILE_FILE_01.00011: CWXTCOB_RPTFILE_FILE_01.RPTFILE assertion" tests="11">
    <testcase classname="CWXTCOB_Test.CWXTCOB_Scenario2.00001: CWXTCOBCase1.CWXTCOB_RPTFILE_FILE_01.00011: CWXTCOB_RPTFILE_FILE_01.RPTFILE assertion" name="00001: Stub record incomplete">
      <error>Stub record has no output or output is empty.</error>
    </testcase>
  </testsuite>
  <testsuite errors="12" failures="0" name="CWXTCOB_Test.CWXTCOB_Scenario2.00001: CWXTCOBCase1.CWXTCOB_RPTFILE_FILE_01.00012: CWXTCOB_RPTFILE_FILE_01.RPTFILE assertion" tests="12">
    <testcase classname="CWXTCOB_Test.CWXTCOB_Scenario2.00001: CWXTCOBCase1.CWXTCOB_RPTFILE_FILE_01.00012: CWXTCOB_RPTFILE_FILE_01.RPTFILE assertion" name="00001: Stub record incomplete">
      <error>Stub record has no output or output is empty.</error>
    </testcase>
  </testsuite>
  <testsuite errors="13" failures="0" name="CWXTCOB_Test.CWXTCOB_Scenario2.00001: CWXTCOBCase1.CWXTCOB_RPTFILE_FILE_01.00013: CWXTCOB_RPTFILE_FILE_01.RPTFILE assertion" tests="13">
    <testcase classname="CWXTCOB_Test.CWXTCOB_Scenario2.00001: CWXTCOBCase1.CWXTCOB_RPTFILE_FILE_01.00013: CWXTCOB_RPTFILE_FILE_01.RPTFILE assertion" name="00001: Stub record incomplete">
      <error>Stub record has no output or output is empty.</error>
    </testcase>
  </testsuite>
  <testsuite errors="14" failures="0" name="CWXTCOB_Test.CWXTCOB_Scenario2.00001: CWXTCOBCase1.CWXTCOB_RPTFILE_FILE_01.00014: CWXTCOB_RPTFILE_FILE_01.RPTFILE assertion" tests="14">
    <testcase classname="CWXTCOB_Test.CWXTCOB_Scenario2.00001: CWXTCOBCase1.CWXTCOB_RPTFILE_FILE_01.00014: CWXTCOB_RPTFILE_FILE_01.RPTFILE assertion" name="00001: Stub record incomplete">
      <error>Stub record has no output or output is empty.</error>
    </testcase>
  </testsuite>
  <testsuite errors="15" failures="0" name="CWXTCOB_Test.CWXTCOB_Scenario2.00001: CWXTCOBCase1.CWXTCOB_RPTFILE_FILE_01.00015: CWXTCOB_RPTFILE_FILE_01.RPTFILE assertion" tests="15">
    <testcase classname="CWXTCOB_Test.CWXTCOB_Scenario2.00001: CWXTCOBCase1.CWXTCOB_RPTFILE_FILE_01.00015: CWXTCOB_RPTFILE_FILE_01.RPTFILE assertion" name="00001: Stub record incomplete">
      <error>Stub record has no output or output is empty.</error>
    </testcase>
  </testsuite>
  <testsuite errors="16" failures="0" name="CWXTCOB_Test.CWXTCOB_Scenario2.00001: CWXTCOBCase1.CWXTCOB_RPTFILE_FILE_01.00016: CWXTCOB_RPTFILE_FILE_01.RPTFILE assertion" tests="16">
    <testcase classname="CWXTCOB_Test.CWXTCOB_Scenario2.00001: CWXTCOBCase1.CWXTCOB_RPTFILE_FILE_01.00016: CWXTCOB_RPTFILE_FILE_01.RPTFILE assertion" name="00001: Stub record incomplete">
      <error>Stub record has no output or output is empty.</error>
    </testcase>
  </testsuite>
  <testsuite errors="17" failures="0" name="CWXTCOB_Test.CWXTCOB_Scenario2.00001: CWXTCOBCase1.CWXTCOB_RPTFILE_FILE_01.00017: CWXTCOB_RPTFILE_FILE_01.RPTFILE assertion" tests="17">
    <testcase classname="CWXTCOB_Test.CWXTCOB_Scenario2.00001: CWXTCOBCase1.CWXTCOB_RPTFILE_FILE_01.00017: CWXTCOB_RPTFILE_FILE_01.RPTFILE assertion" name="00001: Stub record incomplete">
      <error>Stub record has no output or output is empty.</error>
    </testcase>
  </testsuite>
  <testsuite errors="18" failures="0" name="CWXTCOB_Test.CWXTCOB_Scenario2.00001: CWXTCOBCase1.CWXTCOB_RPTFILE_FILE_01.00018: CWXTCOB_RPTFILE_FILE_01.RPTFILE assertion" tests="18">
    <testcase classname="CWXTCOB_Test.CWXTCOB_Scenario2.00001: CWXTCOBCase1.CWXTCOB_RPTFILE_FILE_01.00018: CWXTCOB_RPTFILE_FILE_01.RPTFILE assertion" name="00001: Stub record incomplete">
      <error>Stub record has no output or output is empty.</error>
    </testcase>
  </testsuite>
  <testsuite errors="19" failures="0" name="CWXTCOB_Test.CWXTCOB_Scenario2.00001: CWXTCOBCase1.CWXTCOB_RPTFILE_FILE_01.00019: CWXTCOB_RPTFILE_FILE_01.RPTFILE assertion" tests="19">
    <testcase classname="CWXTCOB_Test.CWXTCOB_Scenario2.00001: CWXTCOBCase1.CWXTCOB_RPTFILE_FILE_01.00019: CWXTCOB_RPTFILE_FILE_01.RPTFILE assertion" name="00001: Stub record incomplete">
      <error>Stub record has no output or output is empty.</error>
    </testcase>
  </testsuite>
  <testsuite errors="20" failures="0" name="CWXTCOB_Test.CWXTCOB_Scenario2.00001: CWXTCOBCase1.CWXTCOB_RPTFILE_FILE_01.00020: CWXTCOB_RPTFILE_FILE_01.RPTFILE assertion" tests="20">
    <testcase classname="CWXTCOB_Test.CWXTCOB_Scenario2.00001: CWXTCOBCase1.CWXTCOB_RPTFILE_FILE_01.00020: CWXTCOB_RPTFILE_FILE_01.RPTFILE assertion" name="00001: Stub record incomplete">
      <error>Stub record has no output or output is empty.</error>
    </testcase>
  </testsuite>
  <testsuite errors="21" failures="0" name="CWXTCOB_Test.CWXTCOB_Scenario2.00001: CWXTCOBCase1.CWXTCOB_RPTFILE_FILE_01.00021: CWXTCOB_RPTFILE_FILE_01.RPTFILE assertion" tests="21">
    <testcase classname="CWXTCOB_Test.CWXTCOB_Scenario2.00001: CWXTCOBCase1.CWXTCOB_RPTFILE_FILE_01.00021: CWXTCOB_RPTFILE_FILE_01.RPTFILE assertion" name="00001: Stub record incomplete">
      <error>Stub record has no output or output is empty.</error>
    </testcase>
  </testsuite>
  <testsuite errors="22" failures="0" name="CWXTCOB_Test.CWXTCOB_Scenario2.00001: CWXTCOBCase1.CWXTCOB_RPTFILE_FILE_01.00022: CWXTCOB_RPTFILE_FILE_01.RPTFILE assertion" tests="22">
    <testcase classname="CWXTCOB_Test.CWXTCOB_Scenario2.00001: CWXTCOBCase1.CWXTCOB_RPTFILE_FILE_01.00022: CWXTCOB_RPTFILE_FILE_01.RPTFILE assertion" name="00001: Stub record incomplete">
      <error>Stub record has no output or output is empty.</error>
    </testcase>
  </testsuite>
  <testsuite errors="23" failures="0" name="CWXTCOB_Test.CWXTCOB_Scenario2.00001: CWXTCOBCase1.CWXTCOB_RPTFILE_FILE_01.00023: CWXTCOB_RPTFILE_FILE_01.RPTFILE assertion" tests="23">
    <testcase classname="CWXTCOB_Test.CWXTCOB_Scenario2.00001: CWXTCOBCase1.CWXTCOB_RPTFILE_FILE_01.00023: CWXTCOB_RPTFILE_FILE_01.RPTFILE assertion" name="00001: Stub record incomplete">
      <error>Stub record has no output or output is empty.</error>
    </testcase>
  </testsuite>
  <testsuite errors="0" failures="0" name="CWXTCOB_Test.CWXTCOB_Scenario2.00001: CWXTCOBCase1.CWXTCOB_DATETIME_01.00001: ACCEPT DATE assertion" tests="0">
    <testcase classname="CWXTCOB_Test.CWXTCOB_Scenario2.00001: CWXTCOBCase1.CWXTCOB_DATETIME_01.00001: ACCEPT DATE assertion" name="ACCEPT DATE"/>
  </testsuite>
</testsuites>